<?xml version="1.0" encoding="UTF-8"?>
<robot generator="Robot 7.3.2 (Python 3.12.1 on win32)" generated="2025-08-15T12:51:31.049580" rpa="false" schemaversion="5">
<suite id="s1" name="Keyword Driven" source="C:\Users\HP\Desktop\python_practice\Robot-Result-Consolidation-Tool\testdata\keyword_driven.robot">
<test id="s1-t1" name="Push button" line="16">
<kw name="Push Button" owner="CalculatorLibrary">
<arg>1</arg>
<doc>Pushes the specified ``button``.</doc>
<status status="PASS" start="2025-08-15T12:51:31.085364" elapsed="0.001016"/>
</kw>
<kw name="Result Should Be" owner="CalculatorLibrary">
<arg>1</arg>
<doc>Verifies that the current result is ``expected``.</doc>
<status status="PASS" start="2025-08-15T12:51:31.087403" elapsed="0.000000"/>
</kw>
<tag>akshay</tag>
<tag>gaurav</tag>
<tag>shanky</tag>
<status status="PASS" start="2025-08-15T12:51:31.085014" elapsed="0.002389"/>
</test>
<test id="s1-t2" name="Push multiple buttons" line="21">
<kw name="Push button1">
<msg time="2025-08-15T12:51:31.089376" level="FAIL">No keyword with name 'Push button1' found. Did you mean:
    CalculatorLibrary.Push Button
    CalculatorLibrary.Push Buttons</msg>
<status status="FAIL" start="2025-08-15T12:51:31.089376" elapsed="0.000000">No keyword with name 'Push button1' found. Did you mean:
    CalculatorLibrary.Push Button
    CalculatorLibrary.Push Buttons</status>
</kw>
<kw name="Push Button" owner="CalculatorLibrary">
<arg>2</arg>
<doc>Pushes the specified ``button``.</doc>
<status status="NOT RUN" start="2025-08-15T12:51:31.089376" elapsed="0.000000"/>
</kw>
<kw name="Result Should Be" owner="CalculatorLibrary">
<arg>12</arg>
<doc>Verifies that the current result is ``expected``.</doc>
<status status="NOT RUN" start="2025-08-15T12:51:31.089376" elapsed="0.000000"/>
</kw>
<tag>akshay</tag>
<tag>gauabc</tag>
<tag>shanky</tag>
<status status="FAIL" start="2025-08-15T12:51:31.088376" elapsed="0.001000">No keyword with name 'Push button1' found. Did you mean:
    CalculatorLibrary.Push Button
    CalculatorLibrary.Push Buttons</status>
</test>
<test id="s1-t3" name="Simple calculation" line="27">
<kw name="Push Button" owner="CalculatorLibrary">
<arg>1</arg>
<doc>Pushes the specified ``button``.</doc>
<status status="PASS" start="2025-08-15T12:51:31.090375" elapsed="0.000000"/>
</kw>
<kw name="Push Button" owner="CalculatorLibrary">
<arg>+</arg>
<doc>Pushes the specified ``button``.</doc>
<status status="PASS" start="2025-08-15T12:51:31.091376" elapsed="0.000000"/>
</kw>
<kw name="Push Button" owner="CalculatorLibrary">
<arg>2</arg>
<doc>Pushes the specified ``button``.</doc>
<status status="PASS" start="2025-08-15T12:51:31.091376" elapsed="0.000000"/>
</kw>
<kw name="Push Button" owner="CalculatorLibrary">
<arg>=</arg>
<doc>Pushes the specified ``button``.</doc>
<status status="PASS" start="2025-08-15T12:51:31.091376" elapsed="0.000000"/>
</kw>
<kw name="Result Should Be" owner="CalculatorLibrary">
<arg>3</arg>
<doc>Verifies that the current result is ``expected``.</doc>
<status status="PASS" start="2025-08-15T12:51:31.091376" elapsed="0.001000"/>
</kw>
<tag>akshay</tag>
<tag>gaudef</tag>
<tag>shanky</tag>
<status status="PASS" start="2025-08-15T12:51:31.090375" elapsed="0.002001"/>
</test>
<test id="s1-t4" name="Longer calculation" line="35">
<kw name="Push Buttons" owner="CalculatorLibrary">
<arg>5 + 4 - 3 * 2 / 1 =</arg>
<doc>Pushes the specified ``buttons``.</doc>
<status status="PASS" start="2025-08-15T12:51:31.093379" elapsed="0.000000"/>
</kw>
<kw name="Result Should Be" owner="CalculatorLibrary">
<arg>3</arg>
<doc>Verifies that the current result is ``expected``.</doc>
<status status="PASS" start="2025-08-15T12:51:31.093379" elapsed="0.000000"/>
</kw>
<status status="PASS" start="2025-08-15T12:51:31.092376" elapsed="0.001003"/>
</test>
<test id="s1-t5" name="Clear" line="39">
<kw name="Push Button" owner="CalculatorLibrary">
<arg>1</arg>
<doc>Pushes the specified ``button``.</doc>
<status status="PASS" start="2025-08-15T12:51:31.094376" elapsed="0.000000"/>
</kw>
<kw name="Push Button" owner="CalculatorLibrary">
<arg>C</arg>
<doc>Pushes the specified ``button``.</doc>
<status status="PASS" start="2025-08-15T12:51:31.094376" elapsed="0.000000"/>
</kw>
<kw name="Result Should Be" owner="CalculatorLibrary">
<arg>${EMPTY}</arg>
<doc>Verifies that the current result is ``expected``.</doc>
<status status="PASS" start="2025-08-15T12:51:31.095375" elapsed="0.000000"/>
</kw>
<status status="PASS" start="2025-08-15T12:51:31.094376" elapsed="0.000999"/>
</test>
<doc>Example test cases using the keyword-driven testing approach.

All tests contain a workflow constructed from keywords in
``CalculatorLibrary.py``. Creating new tests or editing
existing is easy even for people without programming skills.

The _keyword-driven_ appoach works well for normal test
automation, but the _gherkin_ style might be even better
if also business people need to understand tests. If the
same workflow needs to repeated multiple times, it is best
to use to the _data-driven_ approach.</doc>
<status status="FAIL" start="2025-08-15T12:51:31.049580" elapsed="0.046795"/>
</suite>
<statistics>
<total>
<stat pass="4" fail="1" skip="0">All Tests</stat>
</total>
<tag>
<stat pass="2" fail="1" skip="0">akshay</stat>
<stat pass="0" fail="1" skip="0">gauabc</stat>
<stat pass="1" fail="0" skip="0">gaudef</stat>
<stat pass="1" fail="0" skip="0">gaurav</stat>
<stat pass="2" fail="1" skip="0">shanky</stat>
</tag>
<suite>
<stat name="Keyword Driven" id="s1" pass="4" fail="1" skip="0">Keyword Driven</stat>
</suite>
</statistics>
<errors>
</errors>
</robot>
