<?xml version="1.0" encoding="UTF-8"?>
<robot generator="Robot 7.3.2 (Python 3.12.1 on win32)" generated="2025-08-15T13:44:51.546751" rpa="false" schemaversion="5">
<suite id="s1" name="Open Browser" source="C:\Users\HP\Desktop\python_practice\Robot-Result-Consolidation-Tool\testdata\open_browser.robot">
<test id="s1-t1" name="Open Example In Chrome" line="5">
<kw name="Open Browser" owner="SeleniumLibrary">
<msg time="2025-08-15T13:44:51.872914" level="INFO">Opening browser 'chrome' to base url 'https://www.hackerrank.com/profile/GauravTotla_CS'.</msg>
<arg>https://www.hackerrank.com/profile/GauravTotla_CS</arg>
<arg>chrome</arg>
<doc>Opens a new browser instance to the optional ``url``.</doc>
<status status="PASS" start="2025-08-15T13:44:51.872914" elapsed="5.615807"/>
</kw>
<kw name="Sleep" owner="BuiltIn">
<msg time="2025-08-15T13:45:07.489212" level="INFO">Slept 10 seconds.</msg>
<arg>10s</arg>
<doc>Pauses the test executed for the given time.</doc>
<status status="PASS" start="2025-08-15T13:44:57.488721" elapsed="10.000491"/>
</kw>
<kw name="Close Browser" owner="SeleniumLibrary">
<doc>Closes the current browser.</doc>
<status status="PASS" start="2025-08-15T13:45:07.489212" elapsed="2.475601"/>
</kw>
<tag>akshay</tag>
<tag>gaurav</tag>
<tag>shanky</tag>
<status status="PASS" start="2025-08-15T13:44:51.871882" elapsed="18.092931"/>
</test>
<status status="PASS" start="2025-08-15T13:44:51.546751" elapsed="18.418062"/>
</suite>
<statistics>
<total>
<stat pass="1" fail="0" skip="0">All Tests</stat>
</total>
<tag>
<stat pass="1" fail="0" skip="0">akshay</stat>
<stat pass="1" fail="0" skip="0">gaurav</stat>
<stat pass="1" fail="0" skip="0">shanky</stat>
</tag>
<suite>
<stat name="Open Browser" id="s1" pass="1" fail="0" skip="0">Open Browser</stat>
</suite>
</statistics>
<errors>
</errors>
</robot>
